<?xml version="1.0" encoding="UTF-8"?>
<testsuite xmlns:xsi="http://www.w3.org/2001/XMLSchema-instance" xsi:noNamespaceSchemaLocation="https://maven.apache.org/surefire/maven-surefire-plugin/xsd/surefire-test-report-3.0.xsd" version="3.0" name="eu.luminis.workshop.smallsteps.GreetingControllerTest" time="13.566" tests="1" errors="0" skipped="0" failures="0">
  <properties>
[...]
</properties>
  <testcase name="testHelloEndpoint" classname="eu.luminis.workshop.smallsteps.GreetingControllerTest" time="1.83">
    <system-out><![CDATA[2022-10-10 08:49:37,627 INFO  [io.quarkus] (main) part-01 1.0.0-SNAPSHOT on JVM (powered by Quarkus 2.12.2.Final) started in 2.861s. Listening on: http://localhost:8081
2022-10-10 08:49:37,629 INFO  [io.quarkus] (main) Profile test activated. 
2022-10-10 08:49:37,630 INFO  [io.quarkus] (main) Installed features: [cdi, resteasy-reactive, resteasy-reactive-jackson, smallrye-context-propagation, spring-di, spring-web, vertx]
]]></system-out>
  </testcase>
</testsuite>